<?xml version="1.0" encoding="UTF-8"?>
<!-- Generated by org.testng.reporters.JUnitXMLReporter -->
<testsuite hostname="Mamun79s-MBP.fios-router.home" ignored="0" name="Default test" tests="2" failures="0" timestamp="22 Jul 2019 19:26:04 GMT" time="29.099" errors="0">
  <testcase name="homePageTitleTest" time="6.47" classname="com.qa.hubspot.tests.HomePageTest"/>
  <testcase name="verifyHomePageHeaderTest" time="6.699" classname="com.qa.hubspot.tests.HomePageTest"/>
</testsuite> <!-- Default test -->
