<?xml version="1.0" encoding="UTF-8"?>
<!-- Generated by org.testng.reporters.JUnitXMLReporter -->
<testsuite hostname="Mamun79s-MBP.fios-router.home" ignored="0" name="Hub Spot Regression Test Cases" tests="4" failures="0" timestamp="22 Jul 2019 19:27:23 GMT" time="50.094" errors="0">
  <testcase name="verifyLoginPageTitleTest" time="0.015" classname="com.qa.hubspot.tests.LoginPageTest"/>
  <testcase name="homePageTitleTest" time="6.425" classname="com.qa.hubspot.tests.HomePageTest"/>
  <testcase name="loginTest" time="6.419" classname="com.qa.hubspot.tests.LoginPageTest"/>
  <testcase name="verifyHomePageHeaderTest" time="6.494" classname="com.qa.hubspot.tests.HomePageTest"/>
</testsuite> <!-- Hub Spot Regression Test Cases -->
