<?xml version="1.0" encoding="UTF-8"?>
<testng-results skipped="0" failed="0" ignored="0" total="4" passed="4">
  <reporter-output>
  </reporter-output>
  <suite name="Hub Spot Test Automation Suite" duration-ms="50094" started-at="2019-07-22T19:26:33Z" finished-at="2019-07-22T19:27:23Z">
    <groups>
    </groups>
    <test name="Hub Spot Regression Test Cases" duration-ms="50094" started-at="2019-07-22T19:26:33Z" finished-at="2019-07-22T19:27:23Z">
      <class name="com.qa.hubspot.tests.LoginPageTest">
        <test-method status="PASS" signature="setUp()[pri:0, instance:com.qa.hubspot.tests.LoginPageTest@3ffc5af1]" name="setUp" is-config="true" duration-ms="7916" started-at="2019-07-22T19:26:33Z" finished-at="2019-07-22T19:26:41Z">
          <reporter-output>
          </reporter-output>
        </test-method> <!-- setUp -->
        <test-method status="PASS" signature="verifyLoginPageTitleTest()[pri:1, instance:com.qa.hubspot.tests.LoginPageTest@3ffc5af1]" name="verifyLoginPageTitleTest" duration-ms="15" started-at="2019-07-22T19:26:41Z" finished-at="2019-07-22T19:26:41Z">
          <reporter-output>
          </reporter-output>
        </test-method> <!-- verifyLoginPageTitleTest -->
        <test-method status="PASS" signature="tearDown()[pri:0, instance:com.qa.hubspot.tests.LoginPageTest@3ffc5af1]" name="tearDown" is-config="true" duration-ms="90" started-at="2019-07-22T19:26:41Z" finished-at="2019-07-22T19:26:41Z">
          <reporter-output>
          </reporter-output>
        </test-method> <!-- tearDown -->
        <test-method status="PASS" signature="setUp()[pri:0, instance:com.qa.hubspot.tests.LoginPageTest@3ffc5af1]" name="setUp" is-config="true" duration-ms="7377" started-at="2019-07-22T19:26:55Z" finished-at="2019-07-22T19:27:02Z">
          <reporter-output>
          </reporter-output>
        </test-method> <!-- setUp -->
        <test-method status="PASS" signature="loginTest()[pri:2, instance:com.qa.hubspot.tests.LoginPageTest@3ffc5af1]" name="loginTest" duration-ms="6419" started-at="2019-07-22T19:27:02Z" finished-at="2019-07-22T19:27:09Z">
          <reporter-output>
          </reporter-output>
        </test-method> <!-- loginTest -->
        <test-method status="PASS" signature="tearDown()[pri:0, instance:com.qa.hubspot.tests.LoginPageTest@3ffc5af1]" name="tearDown" is-config="true" duration-ms="98" started-at="2019-07-22T19:27:09Z" finished-at="2019-07-22T19:27:09Z">
          <reporter-output>
          </reporter-output>
        </test-method> <!-- tearDown -->
      </class> <!-- com.qa.hubspot.tests.LoginPageTest -->
      <class name="com.qa.hubspot.tests.HomePageTest">
        <test-method status="PASS" signature="setUp()[pri:0, instance:com.qa.hubspot.tests.HomePageTest@5e5792a0]" name="setUp" is-config="true" duration-ms="7419" started-at="2019-07-22T19:26:41Z" finished-at="2019-07-22T19:26:49Z">
          <reporter-output>
          </reporter-output>
        </test-method> <!-- setUp -->
        <test-method status="PASS" signature="homePageTitleTest()[pri:1, instance:com.qa.hubspot.tests.HomePageTest@5e5792a0]" name="homePageTitleTest" duration-ms="6425" started-at="2019-07-22T19:26:49Z" finished-at="2019-07-22T19:26:55Z">
          <reporter-output>
          </reporter-output>
        </test-method> <!-- homePageTitleTest -->
        <test-method status="PASS" signature="tearDown()[pri:0, instance:com.qa.hubspot.tests.HomePageTest@5e5792a0]" name="tearDown" is-config="true" duration-ms="125" started-at="2019-07-22T19:26:55Z" finished-at="2019-07-22T19:26:55Z">
          <reporter-output>
          </reporter-output>
        </test-method> <!-- tearDown -->
        <test-method status="PASS" signature="setUp()[pri:0, instance:com.qa.hubspot.tests.HomePageTest@5e5792a0]" name="setUp" is-config="true" duration-ms="7594" started-at="2019-07-22T19:27:09Z" finished-at="2019-07-22T19:27:17Z">
          <reporter-output>
          </reporter-output>
        </test-method> <!-- setUp -->
        <test-method status="PASS" signature="verifyHomePageHeaderTest()[pri:2, instance:com.qa.hubspot.tests.HomePageTest@5e5792a0]" name="verifyHomePageHeaderTest" duration-ms="6494" started-at="2019-07-22T19:27:17Z" finished-at="2019-07-22T19:27:23Z">
          <reporter-output>
          </reporter-output>
        </test-method> <!-- verifyHomePageHeaderTest -->
        <test-method status="PASS" signature="tearDown()[pri:0, instance:com.qa.hubspot.tests.HomePageTest@5e5792a0]" name="tearDown" is-config="true" duration-ms="101" started-at="2019-07-22T19:27:23Z" finished-at="2019-07-22T19:27:23Z">
          <reporter-output>
          </reporter-output>
        </test-method> <!-- tearDown -->
      </class> <!-- com.qa.hubspot.tests.HomePageTest -->
    </test> <!-- Hub Spot Regression Test Cases -->
  </suite> <!-- Hub Spot Test Automation Suite -->
</testng-results>
